Build started 25/02/2015 07:25:54.
     1>Project "C:\Users\Abdul\Documents\Visual Studio 2013\Projects\ADXERS\ADXERS\ADXERS.vcxproj" on node 2 (Build target(s)).
     1>ClCompile:
         C:\Program Files (x86)\Microsoft Visual Studio 12.0\VC\bin\CL.exe /c /ZI /nologo /W3 /WX- /Od /Oy- /D _MBCS /Gm /EHsc /RTC1 /MDd /GS /fp:precise /Zc:wchar_t /Zc:forScope /Fo"Debug\\" /Fd"Debug\vc120.pdb" /Gd /TP /analyze- /errorReport:prompt Game.cpp
         Game.cpp
     1>c:\users\abdul\documents\visual studio 2013\projects\adxers\adxers\debugwindow.h(11): warning C4042: 'Argument' : has bad storage class
     1>c:\users\abdul\documents\visual studio 2013\projects\adxers\adxers\game.cpp(36): warning C4305: 'initializing' : truncation from 'double' to 'float'
     1>c:\users\abdul\documents\visual studio 2013\projects\adxers\adxers\game.cpp(39): warning C4305: 'initializing' : truncation from 'double' to 'float'
     1>c:\users\abdul\documents\visual studio 2013\projects\adxers\adxers\game.cpp(111): warning C4244: 'argument' : conversion from 'float' to 'int', possible loss of data
     1>c:\users\abdul\documents\visual studio 2013\projects\adxers\adxers\game.cpp(147): warning C4244: 'argument' : conversion from 'float' to 'int', possible loss of data
     1>c:\users\abdul\documents\visual studio 2013\projects\adxers\adxers\game.cpp(153): warning C4244: 'argument' : conversion from 'float' to 'int', possible loss of data
     1>c:\users\abdul\documents\visual studio 2013\projects\adxers\adxers\game.cpp(155): warning C4244: '=' : conversion from 'float' to 'Sint16', possible loss of data
     1>c:\users\abdul\documents\visual studio 2013\projects\adxers\adxers\game.cpp(156): warning C4244: '=' : conversion from 'float' to 'Sint16', possible loss of data
     1>c:\users\abdul\documents\visual studio 2013\projects\adxers\adxers\game.cpp(158): warning C4244: 'argument' : conversion from 'float' to 'int', possible loss of data
     1>c:\users\abdul\documents\visual studio 2013\projects\adxers\adxers\game.cpp(159): warning C4244: 'argument' : conversion from 'float' to 'int', possible loss of data
     1>c:\users\abdul\documents\visual studio 2013\projects\adxers\adxers\game.cpp(160): warning C4244: 'argument' : conversion from 'float' to 'int', possible loss of data
     1>c:\users\abdul\documents\visual studio 2013\projects\adxers\adxers\game.cpp(161): warning C4244: 'argument' : conversion from 'float' to 'int', possible loss of data
     1>c:\users\abdul\documents\visual studio 2013\projects\adxers\adxers\game.cpp(163): warning C4244: 'argument' : conversion from 'float' to 'int', possible loss of data
     1>c:\users\abdul\documents\visual studio 2013\projects\adxers\adxers\game.cpp(165): warning C4244: 'argument' : conversion from 'float' to 'int', possible loss of data
     1>c:\users\abdul\documents\visual studio 2013\projects\adxers\adxers\game.cpp(189): warning C4244: '=' : conversion from 'float' to 'Sint16', possible loss of data
     1>c:\users\abdul\documents\visual studio 2013\projects\adxers\adxers\game.cpp(208): warning C4244: '=' : conversion from 'float' to 'Sint16', possible loss of data
     1>c:\users\abdul\documents\visual studio 2013\projects\adxers\adxers\game.cpp(231): warning C4244: '=' : conversion from 'double' to 'Uint16', possible loss of data
     1>c:\users\abdul\documents\visual studio 2013\projects\adxers\adxers\game.cpp(250): warning C4244: 'argument' : conversion from 'float' to 'int', possible loss of data
     1>c:\users\abdul\documents\visual studio 2013\projects\adxers\adxers\game.cpp(251): warning C4244: 'argument' : conversion from 'float' to 'int', possible loss of data
     1>c:\users\abdul\documents\visual studio 2013\projects\adxers\adxers\game.cpp(271): warning C4244: '=' : conversion from 'int' to 'float', possible loss of data
     1>c:\users\abdul\documents\visual studio 2013\projects\adxers\adxers\game.cpp(272): warning C4244: '=' : conversion from 'int' to 'float', possible loss of data
     1>c:\users\abdul\documents\visual studio 2013\projects\adxers\adxers\game.cpp(308): warning C4244: 'initializing' : conversion from 'double' to 'int', possible loss of data
     1>c:\users\abdul\documents\visual studio 2013\projects\adxers\adxers\game.cpp(310): warning C4244: 'argument' : conversion from 'int' to 'float', possible loss of data
     1>c:\users\abdul\documents\visual studio 2013\projects\adxers\adxers\game.cpp(323): warning C4244: '=' : conversion from 'double' to 'int', possible loss of data
     1>c:\users\abdul\documents\visual studio 2013\projects\adxers\adxers\game.cpp(325): warning C4244: 'argument' : conversion from 'int' to 'float', possible loss of data
     1>c:\users\abdul\documents\visual studio 2013\projects\adxers\adxers\game.cpp(340): warning C4244: '=' : conversion from 'double' to 'int', possible loss of data
     1>c:\users\abdul\documents\visual studio 2013\projects\adxers\adxers\game.cpp(344): warning C4244: 'argument' : conversion from 'int' to 'float', possible loss of data
     1>c:\users\abdul\documents\visual studio 2013\projects\adxers\adxers\game.cpp(357): warning C4244: '=' : conversion from 'double' to 'int', possible loss of data
     1>c:\users\abdul\documents\visual studio 2013\projects\adxers\adxers\game.cpp(359): warning C4244: 'argument' : conversion from 'int' to 'float', possible loss of data
     1>c:\users\abdul\documents\visual studio 2013\projects\adxers\adxers\game.cpp(374): warning C4244: '=' : conversion from 'double' to 'int', possible loss of data
     1>c:\users\abdul\documents\visual studio 2013\projects\adxers\adxers\game.cpp(376): warning C4244: 'argument' : conversion from 'int' to 'float', possible loss of data
     1>c:\users\abdul\documents\visual studio 2013\projects\adxers\adxers\game.cpp(391): warning C4244: '=' : conversion from 'double' to 'int', possible loss of data
     1>c:\users\abdul\documents\visual studio 2013\projects\adxers\adxers\game.cpp(393): warning C4244: 'argument' : conversion from 'int' to 'float', possible loss of data
     1>c:\users\abdul\documents\visual studio 2013\projects\adxers\adxers\game.cpp(407): warning C4244: '=' : conversion from 'double' to 'int', possible loss of data
     1>c:\users\abdul\documents\visual studio 2013\projects\adxers\adxers\game.cpp(408): warning C4244: 'argument' : conversion from 'int' to 'float', possible loss of data
     1>c:\users\abdul\documents\visual studio 2013\projects\adxers\adxers\game.cpp(420): warning C4244: '=' : conversion from 'double' to 'int', possible loss of data
     1>c:\users\abdul\documents\visual studio 2013\projects\adxers\adxers\game.cpp(425): warning C4244: 'argument' : conversion from 'int' to 'float', possible loss of data
     1>c:\users\abdul\documents\visual studio 2013\projects\adxers\adxers\game.cpp(440): warning C4244: '=' : conversion from 'double' to 'int', possible loss of data
     1>c:\users\abdul\documents\visual studio 2013\projects\adxers\adxers\game.cpp(441): warning C4244: 'argument' : conversion from 'int' to 'float', possible loss of data
     1>c:\users\abdul\documents\visual studio 2013\projects\adxers\adxers\game.cpp(452): warning C4244: '=' : conversion from 'double' to 'int', possible loss of data
     1>c:\users\abdul\documents\visual studio 2013\projects\adxers\adxers\game.cpp(453): warning C4244: 'argument' : conversion from 'int' to 'float', possible loss of data
     1>c:\users\abdul\documents\visual studio 2013\projects\adxers\adxers\game.cpp(490): warning C4244: '=' : conversion from 'int' to 'float', possible loss of data
     1>c:\users\abdul\documents\visual studio 2013\projects\adxers\adxers\game.cpp(491): warning C4244: '=' : conversion from 'int' to 'float', possible loss of data
     1>c:\users\abdul\documents\visual studio 2013\projects\adxers\adxers\game.cpp(579): warning C4244: 'argument' : conversion from 'int' to 'float', possible loss of data
     1>c:\users\abdul\documents\visual studio 2013\projects\adxers\adxers\game.cpp(681): warning C4305: 'initializing' : truncation from 'double' to 'float'
     1>c:\users\abdul\documents\visual studio 2013\projects\adxers\adxers\game.cpp(808): warning C4244: '=' : conversion from 'float' to 'int', possible loss of data
     1>c:\users\abdul\documents\visual studio 2013\projects\adxers\adxers\game.cpp(809): warning C4244: '=' : conversion from 'float' to 'int', possible loss of data
     1>c:\users\abdul\documents\visual studio 2013\projects\adxers\adxers\game.cpp(820): warning C4244: 'argument' : conversion from 'float' to 'int', possible loss of data
     1>c:\users\abdul\documents\visual studio 2013\projects\adxers\adxers\game.cpp(821): warning C4244: 'argument' : conversion from 'float' to 'const int', possible loss of data
     1>c:\users\abdul\documents\visual studio 2013\projects\adxers\adxers\game.cpp(858): warning C4018: '<' : signed/unsigned mismatch
     1>c:\users\abdul\documents\visual studio 2013\projects\adxers\adxers\game.cpp(875): warning C4244: 'argument' : conversion from 'float' to 'int', possible loss of data
     1>c:\users\abdul\documents\visual studio 2013\projects\adxers\adxers\game.cpp(876): warning C4244: 'argument' : conversion from 'float' to 'int', possible loss of data
     1>c:\users\abdul\documents\visual studio 2013\projects\adxers\adxers\game.cpp(881): warning C4244: 'argument' : conversion from 'float' to 'int', possible loss of data
     1>c:\users\abdul\documents\visual studio 2013\projects\adxers\adxers\game.cpp(882): warning C4244: 'argument' : conversion from 'float' to 'int', possible loss of data
     1>c:\users\abdul\documents\visual studio 2013\projects\adxers\adxers\game.cpp(883): warning C4244: 'argument' : conversion from 'float' to 'int', possible loss of data
     1>c:\users\abdul\documents\visual studio 2013\projects\adxers\adxers\game.cpp(885): warning C4244: 'argument' : conversion from 'float' to 'int', possible loss of data
     1>c:\users\abdul\documents\visual studio 2013\projects\adxers\adxers\game.cpp(887): warning C4244: 'argument' : conversion from 'float' to 'int', possible loss of data
     1>c:\users\abdul\documents\visual studio 2013\projects\adxers\adxers\game.cpp(889): warning C4244: '+=' : conversion from 'float' to 'int', possible loss of data
     1>c:\users\abdul\documents\visual studio 2013\projects\adxers\adxers\game.cpp(890): warning C4305: '*=' : truncation from 'double' to 'float'
     1>c:\users\abdul\documents\visual studio 2013\projects\adxers\adxers\game.cpp(902): warning C4244: 'argument' : conversion from 'int' to 'float', possible loss of data
     1>c:\users\abdul\documents\visual studio 2013\projects\adxers\adxers\game.cpp(961): warning C4305: '=' : truncation from 'double' to 'float'
     1>c:\users\abdul\documents\visual studio 2013\projects\adxers\adxers\game.cpp(1050): warning C4244: '=' : conversion from 'int' to 'float', possible loss of data
     1>c:\users\abdul\documents\visual studio 2013\projects\adxers\adxers\game.cpp(1115): warning C4244: '=' : conversion from 'int' to 'float', possible loss of data
     1>c:\users\abdul\documents\visual studio 2013\projects\adxers\adxers\game.cpp(1121): warning C4244: '=' : conversion from 'int' to 'float', possible loss of data
     1>c:\users\abdul\documents\visual studio 2013\projects\adxers\adxers\game.cpp(1127): warning C4244: '=' : conversion from 'int' to 'float', possible loss of data
     1>c:\users\abdul\documents\visual studio 2013\projects\adxers\adxers\game.cpp(1137): warning C4244: '=' : conversion from 'int' to 'float', possible loss of data
     1>c:\users\abdul\documents\visual studio 2013\projects\adxers\adxers\game.cpp(1274): warning C4244: 'argument' : conversion from 'float' to 'int', possible loss of data
     1>c:\users\abdul\documents\visual studio 2013\projects\adxers\adxers\game.cpp(1283): warning C4244: 'argument' : conversion from 'float' to 'int', possible loss of data
     1>c:\users\abdul\documents\visual studio 2013\projects\adxers\adxers\game.cpp(1284): warning C4244: 'argument' : conversion from 'float' to 'int', possible loss of data
     1>c:\users\abdul\documents\visual studio 2013\projects\adxers\adxers\game.cpp(1289): warning C4244: 'argument' : conversion from 'float' to 'int', possible loss of data
     1>c:\users\abdul\documents\visual studio 2013\projects\adxers\adxers\game.cpp(1291): warning C4244: 'argument' : conversion from 'float' to 'int', possible loss of data
     1>c:\users\abdul\documents\visual studio 2013\projects\adxers\adxers\game.cpp(1292): warning C4244: 'argument' : conversion from 'float' to 'int', possible loss of data
     1>c:\users\abdul\documents\visual studio 2013\projects\adxers\adxers\game.cpp(1294): warning C4244: 'argument' : conversion from 'float' to 'int', possible loss of data
     1>c:\users\abdul\documents\visual studio 2013\projects\adxers\adxers\game.cpp(1300): warning C4244: 'argument' : conversion from 'float' to 'int', possible loss of data
     1>c:\users\abdul\documents\visual studio 2013\projects\adxers\adxers\game.cpp(1308): warning C4244: '=' : conversion from 'float' to 'Sint16', possible loss of data
     1>c:\users\abdul\documents\visual studio 2013\projects\adxers\adxers\game.cpp(1309): warning C4244: '=' : conversion from 'float' to 'Sint16', possible loss of data
     1>c:\users\abdul\documents\visual studio 2013\projects\adxers\adxers\game.cpp(1359): warning C4244: 'argument' : conversion from 'float' to 'int', possible loss of data
     1>c:\users\abdul\documents\visual studio 2013\projects\adxers\adxers\game.cpp(1360): warning C4244: 'argument' : conversion from 'float' to 'int', possible loss of data
     1>c:\users\abdul\documents\visual studio 2013\projects\adxers\adxers\game.cpp(1380): warning C4244: '=' : conversion from 'float' to 'int', possible loss of data
     1>c:\users\abdul\documents\visual studio 2013\projects\adxers\adxers\game.cpp(1381): warning C4244: '=' : conversion from 'float' to 'int', possible loss of data
     1>c:\users\abdul\documents\visual studio 2013\projects\adxers\adxers\game.cpp(1414): warning C4244: 'argument' : conversion from 'float' to 'int', possible loss of data
     1>c:\users\abdul\documents\visual studio 2013\projects\adxers\adxers\game.cpp(1421): warning C4244: 'argument' : conversion from 'float' to 'int', possible loss of data
     1>c:\users\abdul\documents\visual studio 2013\projects\adxers\adxers\game.cpp(1423): warning C4244: 'argument' : conversion from 'float' to 'int', possible loss of data
     1>c:\users\abdul\documents\visual studio 2013\projects\adxers\adxers\game.cpp(1424): warning C4244: 'argument' : conversion from 'float' to 'int', possible loss of data
     1>c:\users\abdul\documents\visual studio 2013\projects\adxers\adxers\game.cpp(1426): warning C4244: 'argument' : conversion from 'float' to 'int', possible loss of data
     1>c:\users\abdul\documents\visual studio 2013\projects\adxers\adxers\game.cpp(1427): warning C4244: 'argument' : conversion from 'float' to 'int', possible loss of data
     1>c:\users\abdul\documents\visual studio 2013\projects\adxers\adxers\game.cpp(1430): warning C4305: '+=' : truncation from 'double' to 'float'
     1>c:\users\abdul\documents\visual studio 2013\projects\adxers\adxers\game.cpp(1431): warning C4305: '-=' : truncation from 'double' to 'float'
     1>c:\users\abdul\documents\visual studio 2013\projects\adxers\adxers\game.cpp(1432): warning C4305: '+=' : truncation from 'double' to 'float'
     1>c:\users\abdul\documents\visual studio 2013\projects\adxers\adxers\game.cpp(1433): warning C4305: '-=' : truncation from 'double' to 'float'
     1>c:\users\abdul\documents\visual studio 2013\projects\adxers\adxers\game.cpp(1437): warning C4305: '*=' : truncation from 'double' to 'float'
     1>c:\users\abdul\documents\visual studio 2013\projects\adxers\adxers\game.cpp(1445): warning C4305: '*=' : truncation from 'double' to 'float'
     1>c:\users\abdul\documents\visual studio 2013\projects\adxers\adxers\game.cpp(1467): warning C4244: 'argument' : conversion from 'int' to 'float', possible loss of data
     1>c:\users\abdul\documents\visual studio 2013\projects\adxers\adxers\game.cpp(1468): warning C4244: 'argument' : conversion from 'int' to 'float', possible loss of data
     1>c:\users\abdul\documents\visual studio 2013\projects\adxers\adxers\game.cpp(1481): warning C4244: '+=' : conversion from 'float' to 'int', possible loss of data
     1>c:\users\abdul\documents\visual studio 2013\projects\adxers\adxers\game.cpp(1482): warning C4244: '+=' : conversion from 'float' to 'int', possible loss of data
     1>c:\users\abdul\documents\visual studio 2013\projects\adxers\adxers\game.cpp(1483): warning C4244: '=' : conversion from 'float' to 'Sint16', possible loss of data
     1>c:\users\abdul\documents\visual studio 2013\projects\adxers\adxers\game.cpp(1484): warning C4244: '=' : conversion from 'float' to 'Sint16', possible loss of data
     1>c:\users\abdul\documents\visual studio 2013\projects\adxers\adxers\game.cpp(1504): warning C4244: 'argument' : conversion from 'float' to 'int', possible loss of data
     1>c:\users\abdul\documents\visual studio 2013\projects\adxers\adxers\game.cpp(1506): warning C4244: '=' : conversion from 'float' to 'int', possible loss of data
     1>c:\users\abdul\documents\visual studio 2013\projects\adxers\adxers\game.cpp(1651): warning C4244: '=' : conversion from 'int' to 'float', possible loss of data
     1>c:\users\abdul\documents\visual studio 2013\projects\adxers\adxers\game.cpp(1676): warning C4244: '=' : conversion from 'float' to 'int', possible loss of data
     1>c:\users\abdul\documents\visual studio 2013\projects\adxers\adxers\game.cpp(1686): warning C4244: '=' : conversion from 'int' to 'float', possible loss of data
     1>c:\users\abdul\documents\visual studio 2013\projects\adxers\adxers\game.cpp(1687): warning C4244: '=' : conversion from 'int' to 'float', possible loss of data
     1>c:\users\abdul\documents\visual studio 2013\projects\adxers\adxers\game.cpp(1688): warning C4244: '=' : conversion from 'int' to 'float', possible loss of data
     1>c:\users\abdul\documents\visual studio 2013\projects\adxers\adxers\game.cpp(1692): warning C4244: '=' : conversion from 'int' to 'float', possible loss of data
     1>c:\users\abdul\documents\visual studio 2013\projects\adxers\adxers\game.cpp(1719): warning C4305: '=' : truncation from 'double' to 'float'
     1>c:\users\abdul\documents\visual studio 2013\projects\adxers\adxers\game.cpp(677): warning C4102: 'Here' : unreferenced label
       Link:
         C:\Program Files (x86)\Microsoft Visual Studio 12.0\VC\bin\link.exe /ERRORREPORT:PROMPT /OUT:"C:\Users\Abdul\Documents\Visual Studio 2013\Projects\ADXERS\Debug\ADXERS.exe" /INCREMENTAL /NOLOGO SDL.lib SDLmain.lib SDL_image.lib SDL_ttf.lib SDL_mixer.lib kernel32.lib user32.lib gdi32.lib winspool.lib comdlg32.lib advapi32.lib shell32.lib ole32.lib oleaut32.lib uuid.lib odbc32.lib odbccp32.lib /MANIFEST /MANIFESTUAC:"level='asInvoker' uiAccess='false'" /manifest:embed /DEBUG /PDB:"C:\Users\Abdul\Documents\Visual Studio 2013\Projects\ADXERS\Debug\ADXERS.pdb" /SUBSYSTEM:WINDOWS /TLBID:1 /DYNAMICBASE /NXCOMPAT /IMPLIB:"C:\Users\Abdul\Documents\Visual Studio 2013\Projects\ADXERS\Debug\ADXERS.lib" /MACHINE:X86 Debug\ButtonClass.obj
         Debug\CalculateProjectileAngle.obj
         Debug\CameraClass.obj
         Debug\CreateButton.obj
         Debug\Debris.obj
         Debug\Declarations.obj
         Debug\DoAsteroids.obj
         Debug\DoEnemyProjectiles.obj
         Debug\DoProjectiles.obj
         Debug\DoTiles.obj
         Debug\Enemies.obj
         Debug\FloatText.obj
         Debug\Game.obj
         Debug\GetXYRatio.obj
         Debug\LoadLevel.obj
         Debug\main.obj
         Debug\MapCreator.obj
         Debug\Menu.obj
         Debug\MiscObject.obj
         Debug\DebugWindow.obj
         Debug\Options.obj
         Debug\PlayerClass.obj
         Debug\SDL_rotozoom.obj
         Debug\Terminal.obj
         Debug\TileClass.obj
         Debug\Timer.obj
         ADXERS.vcxproj -> C:\Users\Abdul\Documents\Visual Studio 2013\Projects\ADXERS\Debug\ADXERS.exe
     1>Done Building Project "C:\Users\Abdul\Documents\Visual Studio 2013\Projects\ADXERS\ADXERS\ADXERS.vcxproj" (Build target(s)).

Build succeeded.

Time Elapsed 00:00:00.81
